============================================================
E2E UAT Report — s3-oss Project
Timestamp: 2026-06-11T23:46:21+08:00
Goal: 用haskell编写一个安全的s3 like 的local first oss 服务
============================================================

## Completion: 85%

✅ Build: passes   ✅ Tests: 14 examples/14 pass
✅ Server starts & responds XML   ✅ Code: 1526 cloc lines
❌ Warnings: 0   ❌ hlint: not installed   ❌ Git: 0 commits

## Blockers (by priority)
P0: 31 compiler warnings → can't pass pre-commit-lint
P0: hlint not installed
P0: No git commits
P1: errorResponse duplicated in 5 modules
P1: 3 orphaned test modules not in Spec.hs

## Session Pitfalls
1. PATH not set for ghcup → export PATH fix
2. Concurrent cabal processes → killed & retried
3. Auth bypass: unless discarded error Response (CRITICAL) → if/else guard fix
4. WAI Query: Maybe (Maybe ByteString) ≠ Maybe Text → lookupQuery helper
5. XML: X.emptyNode/elementChildren/nodeContent not found → mempty + custom helpers
6. Global []→mempty replace corrupted [Node] lists → rewrote XML.hs
7. Missing OverloadedStrings/LambdaCase in test files
8. Data.ByteArray not in test deps → simplified SigV4Spec
9. pre-commit-lint skill updated mid-session to require build warnings check
10. errorResponse defined 5 times across modules
