============================================================
E2E UAT Report — s3-oss Project Status
Timestamp: $(date -Iseconds)
Goal: 用haskell编写一个安全的s3 like 的local first oss 服务
============================================================

## 1. Goal vs Current State Gap

GOAL: 安全的 S3-like local-first OSS 服务 (Secure S3-compatible local-first object storage service in Haskell)

COMPLETED:
✅ Design spec written (docs/superpowers/specs/2026-06-11-s3-like-oss-design.md)
✅ Implementation plan written (docs/superpowers/plans/2026-06-11-s3-oss-implementation.md)
✅ All 16 source modules written (23 .hs files, 1,506 cloc code lines)
✅ Test files written (6 test modules)
✅ CLI entry point (app/Main.hs)
✅ SQLite metadata store with full schema
✅ Content-addressable storage engine with conduit streaming
✅ AWS SigV4 signature verification
✅ IAM-like policy evaluation engine
✅ S3 XML serialization/deserialization
✅ Bucket CRUD handlers
✅ Object CRUD handlers (PUT/GET/DELETE/HEAD/COPY)
✅ Multipart upload manager + handlers (create/upload part/complete/abort)
✅ Presigned URL generation
✅ ListObjects handler
✅ Server assembly (WAI routing + Warp/TLS)
✅ Cabal project scaffolding

IN PROGRESS:
🔄 First build (resolving 100+ dependencies from Hackage)
🔄 Waiting for build to complete to fix compilation errors
🔄 No git commits yet (all files written, pending successful build)
🔄 pre-commit-lint skill in REFACTOR phase

GAP:
❌ Build not yet successful (dependency resolution in progress)
❌ No tests executed (blocked by build)
❌ No smoke test with curl/AWS CLI
❌ No git history established
❌ No TLS certs configured
❌ No hlint integration

## 2. Code Statistics (cloc)

Haskell: 23 files, 1506 code lines, 247 blank, 160 comment
Total: 1913 lines

Modules:
  src/ — 14 modules (app logic)
  app/ — 1 module (Main entry)
  test/ — 6 modules (specs)

## 3. Architecture Components Delivered

  [Request] → Warp/TLS → WAI → Auth (SigV4+Policy) → Handler → Store (SQLite) + Storage (filesystem)

Modules by layer:
  API/Server: Server.hs, Main.hs
  Auth:      Auth/SigV4.hs, Auth/Policy.hs
  Handlers:  Bucket/Handler.hs, Object/Handler.hs, List/Handler.hs,
             Multipart/Manager.hs, Multipart/Handler.hs
  Storage:   Store.hs (SQLite), Object/Storage.hs (filesystem)
  Support:   Types.hs, XML.hs, Config.hs, Presigned.hs, Prelude.hs

## 4. Pitfalls Encountered This Session

1. PATH issue: GHC/cabal installed via ghcup but not on PATH (fixed: export PATH="$HOME/.ghcup/bin:$PATH")
2. cabal update taking very long (backgrounded)
3. GHCup non-interactive install rejected by user — already installed
4. Build output file empty — build process creates new output files each run
5. Deep dependency tree: 100+ packages to download for first build
6. Skill creation TDD cycle requires baseline testing with subagents (time-intensive)
7. Multiple /loop and /goal commands interleaving with ongoing work
8. No cloc initially installed (fixed: npm install -g cloc)
